<?xml version="1.0" encoding="UTF-8"?>
<!-- Generated by org.testng.reporters.JUnitReportReporter -->
<testsuite hostname="DESKTOP-HO3NPSQ" failures="0" tests="2" name="com.cts.training.Login" time="11.734" errors="0" timestamp="2021-04-13T18:48:51 IST" skipped="0">
  <testcase classname="com.cts.training.Login" name="userLogin" time="8.675"/>
  <system-out/>
  <testcase classname="com.cts.training.Login" name="userLogin" time="3.059"/>
  <system-out/>
</testsuite> <!-- com.cts.training.Login -->
