<?xml version="1.0" encoding="UTF-8"?>
<!-- Generated by org.testng.reporters.JUnitReportReporter -->
<testsuite hostname="DESKTOP-HO3NPSQ" failures="0" tests="6" name="com.cts.training.Registration" time="35.868" errors="0" timestamp="2021-04-13T23:25:26 IST" skipped="0">
  <testcase classname="com.cts.training.Registration" name="registerPersonalUser" time="3.550"/>
  <system-out/>
  <testcase classname="com.cts.training.Registration" name="registerBusinessUser" time="6.992"/>
  <system-out/>
  <testcase classname="com.cts.training.Registration" name="registerPersonalUser" time="3.171"/>
  <system-out/>
  <testcase classname="com.cts.training.Registration" name="registerBusinessUser" time="7.148"/>
  <system-out/>
  <testcase classname="com.cts.training.Registration" name="registerBusinessUser" time="11.182"/>
  <system-out/>
  <testcase classname="com.cts.training.Registration" name="registerPersonalUser" time="3.825"/>
  <system-out/>
</testsuite> <!-- com.cts.training.Registration -->
